#
# A fatal error has been detected by the Java Runtime Environment:
#
#  Internal Error (javaClasses.cpp:136), pid=848, tid=4832
#  fatal error: Invalid layout of preloaded class
#
# JRE version:  (7.0_51-b13) (build )
# Java VM: Java HotSpot(TM) Client VM (24.51-b03 mixed mode windows-x86 )
# Failed to write core dump. Minidumps are not enabled by default on client versions of Windows
#
# If you would like to submit a bug report, please visit:
#   http://bugreport.sun.com/bugreport/crash.jsp
#

---------------  T H R E A D  ---------------

Current thread (0x0066c000):  JavaThread "Unknown thread" [_thread_in_vm, id=4832, stack(0x00670000,0x006c0000)]

Stack: [0x00670000,0x006c0000],  sp=0x006bf49c,  free space=317k
Native frames: (J=compiled Java code, j=interpreted, Vv=VM code, C=native code)
V  [jvm.dll+0x18e0f1]
V  [jvm.dll+0x187e66]
V  [jvm.dll+0x3586a]
V  [jvm.dll+0x358f6]
V  [jvm.dll+0x4400d]
V  [jvm.dll+0x442be]
V  [jvm.dll+0x9263a]
V  [jvm.dll+0x929eb]
V  [jvm.dll+0x13dc51]
V  [jvm.dll+0x16076c]
V  [jvm.dll+0xc8ebf]
C  [javaw.exe+0x13ce]
C  [javaw.exe+0x1e40]
C  [javaw.exe+0xa5b1]
C  [javaw.exe+0xa63b]
C  [kernel32.dll+0x51154]
C  [ntdll.dll+0x5b299]
C  [ntdll.dll+0x5b26c]


---------------  P R O C E S S  ---------------

Java Threads: ( => current thread )

Other Threads:

=>0x0066c000 (exited) JavaThread "Unknown thread" [_thread_in_vm, id=4832, stack(0x00670000,0x006c0000)]

VM state:not at safepoint (not fully initialized)

VM Mutex/Monitor currently owned by a thread: None

GC Heap History (0 events):
No events

Deoptimization events (0 events):
No events

Internal exceptions (0 events):
No events

Events (10 events):
Event: 0.054 loading class 0x00e784b8 done
Event: 0.054 loading class 0x00e77f48 done
Event: 0.054 loading class 0x00e77f28
Event: 0.054 loading class 0x00e7f0c0
Event: 0.054 loading class 0x00e7f0c0 done
Event: 0.054 loading class 0x00e7f0f0
Event: 0.054 loading class 0x00e7f0f0 done
Event: 0.054 loading class 0x00e7f120
Event: 0.054 loading class 0x00e7f120 done
Event: 0.055 loading class 0x00e77f28 done


Dynamic libraries:
0x010c0000 - 0x010ef000 	D:\Program Files\Java\jre7\bin\javaw.exe
0x76f50000 - 0x7708c000 	C:\windows\SYSTEM32\ntdll.dll
0x75e60000 - 0x75f34000 	C:\windows\system32\kernel32.dll
0x75000000 - 0x7504b000 	C:\windows\system32\KERNELBASE.dll
0x75fd0000 - 0x76070000 	C:\windows\system32\ADVAPI32.dll
0x75b80000 - 0x75c2c000 	C:\windows\system32\msvcrt.dll
0x755a0000 - 0x755b9000 	C:\windows\SYSTEM32\sechost.dll
0x76070000 - 0x76111000 	C:\windows\system32\RPCRT4.dll
0x75d90000 - 0x75e59000 	C:\windows\system32\USER32.dll
0x75370000 - 0x753be000 	C:\windows\system32\GDI32.dll
0x75690000 - 0x7569a000 	C:\windows\system32\LPK.dll
0x756f0000 - 0x7578d000 	C:\windows\system32\USP10.dll
0x73aa0000 - 0x73c3e000 	C:\windows\WinSxS\x86_microsoft.windows.common-controls_6595b64144ccf1df_6.0.7600.16661_none_420fe3fa2b8113bd\COMCTL32.dll
0x75540000 - 0x75597000 	C:\windows\system32\SHLWAPI.dll
0x75d70000 - 0x75d8f000 	C:\windows\system32\IMM32.DLL
0x755c0000 - 0x7568c000 	C:\windows\system32\MSCTF.dll
0x77b60000 - 0x77c1f000 	D:\Program Files\Java\jre7\bin\msvcr100.dll
0x68f90000 - 0x69310000 	D:\Program Files\Java\jre7\bin\client\jvm.dll
0x69d30000 - 0x69d37000 	C:\windows\system32\WSOCK32.dll
0x76120000 - 0x76155000 	C:\windows\system32\WS2_32.dll
0x756b0000 - 0x756b6000 	C:\windows\system32\NSI.dll
0x74f20000 - 0x74f52000 	C:\windows\system32\WINMM.dll
0x756a0000 - 0x756a5000 	C:\windows\system32\PSAPI.DLL
0x6fd20000 - 0x6fd2c000 	D:\Program Files\Java\jre7\bin\verify.dll
0x6fa60000 - 0x6fa80000 	D:\Program Files\Java\jre7\bin\java.dll
0x6be50000 - 0x6be63000 	D:\Program Files\Java\jre7\bin\zip.dll
0x71a30000 - 0x71b1b000 	C:\windows\system32\dbghelp.dll

VM Arguments:
jvm_args: -Dfile.encoding=UTF-8 -Xbootclasspath:D:\AndroidEnv\android-sdk-windows\platforms\android-8\android.jar 
java_command: com.qihoo.example.FileUtil
Launcher Type: SUN_STANDARD

Environment Variables:
JAVA_HOME=D:\Program Files\Java\jdk1.7.0_51
CLASSPATH=.;D:\Program Files\Java\jdk1.7.0_51\lib;D:\Program Files\Java\jdk1.7.0_51\lib\tools.jar
PATH=D:/Program Files/Java/jre7/bin/client;D:/Program Files/Java/jre7/bin;D:/Program Files/Java/jre7/lib/i386;C:\windows\system32;C:\windows;C:\windows\System32\Wbem;C:\windows\System32\WindowsPowerShell\v1.0\;D:\Program Files\Java\jdk1.7.0_51\bin;D:\Program Files\Java\jdk1.7.0_51\jre\bin;D:\Python27;D:\AndroidEnv\android-sdk-windows\platform-tools;D:\unixutil\usr\local\wbin;D:\AndroidEnv\eclipse;
USERNAME=zhangshixin
OS=Windows_NT
PROCESSOR_IDENTIFIER=x86 Family 6 Model 42 Stepping 7, GenuineIntel



---------------  S Y S T E M  ---------------

OS: Windows 7 Build 7600 

CPU:total 4 (2 cores per cpu, 2 threads per core) family 6 model 42 stepping 7, cmov, cx8, fxsr, mmx, sse, sse2, sse3, ssse3, sse4.1, sse4.2, popcnt, ht, tsc, tscinvbit

Memory: 4k page, physical 3495484k(1031116k free), swap 6989204k(2569360k free)

vm_info: Java HotSpot(TM) Client VM (24.51-b03) for windows-x86 JRE (1.7.0_51-b13), built on Dec 18 2013 19:09:58 by "java_re" with unknown MS VC++:1600

time: Wed Apr 30 12:52:51 2014
elapsed time: 0 seconds

